<?xml version="1.0" encoding="UTF-8"?>
<!-- Generated by org.testng.reporters.JUnitReportReporter -->
<testsuite hostname="DESKTOP-E8U6502" failures="0" tests="4" name="testcases1.LoginTest1" time="15.013" errors="0" timestamp="2022-08-30T19:07:56 IST" skipped="0">
  <testcase classname="testcases1.LoginTest1" name="ParameterisedTest1" time="2.739"/>
  <system-out/>
  <testcase classname="testcases1.LoginTest1" name="ExternalTest" time="3.031"/>
  <system-out/>
  <testcase classname="testcases1.LoginTest1" name="LoginFailTest" time="6.034"/>
  <system-out/>
  <testcase classname="testcases1.LoginTest1" name="loginPasstest" time="3.209"/>
  <system-out/>
</testsuite> <!-- testcases1.LoginTest1 -->
