<?xml version="1.0" encoding="UTF-8"?>
<!-- Generated by org.testng.reporters.JUnitReportReporter -->
<testsuite hostname="DESKTOP-E8U6502" failures="0" tests="4" name="testcases1.LoginTest1" time="13.525" errors="0" timestamp="30 Aug 2022 14:00:33 GMT" skipped="0">
  <testcase classname="testcases1.LoginTest1" name="ExternalTest" time="5.086"/>
  <testcase classname="testcases1.LoginTest1" name="loginPasstest" time="2.804"/>
  <testcase classname="testcases1.LoginTest1" name="ParameterisedTest1" time="2.861"/>
  <testcase classname="testcases1.LoginTest1" name="LoginFailTest" time="2.774"/>
</testsuite> <!-- testcases1.LoginTest1 -->
